c:\users\pookey\onedrive\projects\pinochlegame\desktop server\debug\vc120.pdb
c:\users\pookey\onedrive\projects\pinochlegame\desktop server\debug\vc120.idb
c:\users\pookey\onedrive\projects\pinochlegame\desktop server\debug\desktop pinochle client.obj
c:\users\pookey\onedrive\projects\pinochlegame\desktop server\debug\desktop pinochle server.obj
c:\users\pookey\onedrive\projects\pinochlegame\desktop server\debug\example multithread.obj
c:\users\pookey\onedrive\projects\pinochlegame\desktop server\debug\gamearchives.obj
c:\users\pookey\onedrive\projects\pinochlegame\desktop server\debug\pinochleround.obj
c:\users\pookey\onedrive\projects\pinochlegame\desktop server\debug\pinochlegamemanager.obj
c:\users\pookey\onedrive\projects\pinochlegame\desktop server\debug\gamelist.obj
c:\users\pookey\onedrive\projects\pinochlegame\desktop server\debug\gamelistnode.obj
c:\users\pookey\onedrive\projects\pinochlegame\desktop server\debug\pinochleserver.pdb
c:\users\pookey\onedrive\projects\pinochlegame\desktop server\debug\pinochleserver.tlog\cl.command.1.tlog
c:\users\pookey\onedrive\projects\pinochlegame\desktop server\debug\pinochleserver.tlog\cl.read.1.tlog
c:\users\pookey\onedrive\projects\pinochlegame\desktop server\debug\pinochleserver.tlog\cl.write.1.tlog
c:\users\pookey\onedrive\projects\pinochlegame\desktop server\debug\pinochleserver.tlog\link-cvtres.read.1.tlog
c:\users\pookey\onedrive\projects\pinochlegame\desktop server\debug\pinochleserver.tlog\link-cvtres.write.1.tlog
c:\users\pookey\onedrive\projects\pinochlegame\desktop server\debug\pinochleserver.tlog\link-rc.read.1.tlog
c:\users\pookey\onedrive\projects\pinochlegame\desktop server\debug\pinochleserver.tlog\link-rc.write.1.tlog
c:\users\pookey\onedrive\projects\pinochlegame\desktop server\debug\pinochleserver.tlog\link.command.1.tlog
c:\users\pookey\onedrive\projects\pinochlegame\desktop server\debug\pinochleserver.tlog\link.read.1.tlog
c:\users\pookey\onedrive\projects\pinochlegame\desktop server\debug\pinochleserver.tlog\link.write.1.tlog
